-22934971226
-10786677717
52537552
76341978652
68566939845
57864070534
1539964041
5935252712
76036697263
48594293228
-38629130644
82150865980
103640410215
-1275633978
58338747419
-996846232
-24588116635
8992001711
29981956241
21640049622
13946761699
-20955240395
15644061613
19927787
82090758688
62247402254
55750871175
-27179454537
-38302079848
38242942312
48173751159
-16385735708
65889521871
28488080346
-8524623239
-20268860646
35749548358
74889501231
-6962104208
5634813591
69521810141
-715158509
-3289324751
59737371196
-15510770717
3951747459
17949119707
-28543534486
-32579470973
-1093060708
60269014569
-13769946498
55079590987
-1094419799
-22000257654
36402319047
54843101311
79628702089
-20482328710
96316826090
-873224420
-26993338641
32220718973
70444734956
-2756441241
-15055757687
27939143334
69753194698
36504319295
-709724637
8807212445
54723862413
3396199586
35799937540
60079675609
42972091573
-33514675660
-29137986684
59868300773
38452069587
-2723224072
10996849961
64589587986
59830223541
-40316133523
58268842905
-13654828207
-9562639941
-3171680952
11108134163
13362813627
77055953266
20606966462
75688690197
-5999627423
6275435070
64416662144
66359556008
94182182706
63423473216
65605917794
63796088621
6595343720
67012819200
77948004240
38585286132
-17874952356
112954606
-6784923997
-191594708
78483358549
17939774537
51259861016
44635035757
3144786429
75025157002
35265853371
314419680
-8774264705
-23543163145
-11595437569
-2847707319
-27864752733
12658400041
44838282145
-25739998876
-4474001233
5554013020
61909898185
10275323715
255567470
55498905236
51881817919
54073953655
3146131855
60100443207
1133748151
78843466757
61133006882
76162792323
1526279046
2861118202
74711401478
-10352143076
-20718005215
61391985211
39290768923
2286041677
35228408064
38772174686
3862408122
85281564960
-59789282456
-26314579622
81803505509
1510034960
-30073167830
-36353011831
14433021828
58676265322
83134139222
20844329915
-9901560301
25846566709
16548685633
19374648598
-2381925598
-7322775929
-1031260743
20407257434
28517832900
21856197674
42921608032
1761106188
2611654223
84746972415
-22345488680
-19833822895
-4508019635
-13246275394
31054214625
103229714471
-282731846
12356930277
28833376847
55893757344
-35890834643
-2464371941
81262987642
15549255343
64980540574
61856766476
52538648550
-43982077458
117035979108
70117735042
4927213733
-5007967418
9251126255
1268280318
-55208143
-34067607897
-64523800405
-3020917673
-16395646124
-13967009249
30517268380
64179688009
-32588924215
-27833427457
33514833132
-1698434938
8054858345
5932583247
12303522378
-7345614470
-46850851541
60110709394
94873564703
-3792253187
-1008786161
17327888363
-6470536050
-1811529701
-946814615
-28304825251
-13984191291
6679897706
67500509981
39255518904
-12857621949
-27924105609
39021430907
36372909436
-23922675716
61164157223
33637169638
17374543519
-32574865414
5273315545
31701395970
37776544229
41249744993
77717469233
4708506643
-14763099906
36772092500
64219234263
-2314830823
17018007169
-3004322723
38844345401
67403859708
-22904025224
-42765527401
-1115611085
83835722967
58125718903
18903353360
65748682646
60402036142
30414756274
-24578270949
-2515106577
-52722915
482864728
66328082213
56108636405
90796518202
33536815302
-24324475186
84169543694
-7445247285
5410100416
664836241
-11091402493
-16849396064
32384907967
45766923048
67782696721
4836086180
53223606922
2740088271
-7700497134
60996209820
33852080033
-17715239915
4072092546
15171978057
66909638095
-10776465667
32860425732
19609293288
-3533803179
15795199734
44322631981
-15346618442
30466138287
-2967828356
78601576729
-9113097792
86190550586
12503618097
62048144816
754089795
37324809110
79521257215
36849501611
2953579551
48100072880
-930104118
-3475984858
-3912629657
67046892019
-4094831422
843400846
6350224813
44355287998
74374698278
67792273976
111093900651
29408287828
34283475597
1497722766
4237004704
5006472644
-17861815440
-1869702954
-10860340111
7189561464
-8197595886
54304241677
-9395216924
18181371423
-18402541252
7663047922
53602526041
57324050075
-46298927944
-21944888324
-36687262983
-49557858124
-14310113488
5985584240
30085748650
-7617546300
2954013282
8765000195
-6360823633
39437706756
-20808320761
5727152498
-23176342976
2930740219
85092474481
32916386092
81959218035
12033595696
-29565778720
-35903592730
7133995525
1126472842
-26839844860
17016305312
1848030008
63730010094
60468208530
1383483820
-5764920971
17805027688
-10238387030
10638335010
2927291137
-8939231286
5993025468
38190147255
-1793543956
1848444654
-18220596130
52691790970
77770147912
-21720772531
-36676095589
-28869851941
-4954428577
-10401242490
71065823386
14795117758
-24436589108
-36163834072
62199855324
-27718298807
88016726426
14596089608
41208578140
-19730431299
2073431049
-10751354191
-3388144926
-8300674266
89039234022
30854765060
-58173488438
8524444035
10573312525
5589526276
-10428458632
35040600476
-16915395469
-26037977709
-16169184587
90766845902
6246726818
41533074981
-2628206995
73234332147
-26769954479
-5366156772
-27243115719
15170366877
18316886061
8859323900
67980998338
35547313425
66408874446
30431470278
84285343548
-2826306325
-35844908484
29167883273
198960058
8964904680
-25376922385
33093591036
38092745167
-33249861844
28385532041
85690036600
21265842607
-36157397740
-2821278366
70237306914
-17382466109
92019843807
-15760223963
84617775444
59866752219
34278507061
25833965489
-31449515111
-4171535013
-9108468511
12369352570
14928378470
-1318705497
-11452176619
61221445810
1261628379
76459360155
-44379435851
23930010018
24411623361
-25753863657
32971169584
-8181264111
16902073414
-14000020527
47192763946
59145125629
35009664166
34497968821
23024174900
-1298387184
83237043614
54850871163
13679146815
57327684646
30971919646
9568502779
38741015169
-20564117643
47037468133
3551331979
60204590533
48132089811
61918415870
46141176720
59846335732
-31379964536
15630971730
10386737105
48845183244
-23307538918
51363765655
114822830915
-18289238640
52122809379
-1265341824
-12800947939
68019822497
-9520072962
-16311016387
32906991102
35978554603
-9433433957
-18080389447
37331837194
70386507840
70092493226
15991427255
7389249224
4749170248
9980400727
37923987114
89539461796
-5599492507
11418352673
-3623461936
25018229934
57673631153
-51593227647
24212383458
1007346851
-11851542255
-29274540534
5676932648
32174306199
-487627839
31443175605
32358862611
-4517591594
60886355429
-60610857618
19830464228
58206655266
-8310398078
72473075703
32412610109
8074787199
60441982167
-43936209811
16197571298
-1445618919
-284139468
27021711711
56628721740
22009598382
31310627030
32603013239
51838492815
10631763896
18380247921
27653152133
68691160177
52745193447
68231882174
-8880017382
28734604672
4259138091
74121903979
-15173976395
32348235398
725810564
57211365127
30163021428
26898639758
7214365780
22101953112
-7390139904
100355926228
54176402297
-24516786907
-22675103946
62290289392
61452349745
342428557
-8998380849
11617748624
-1002065497
51925452588
-18302908059
-34408440622
-39830534681
-25519632438
74446451967
3604091883
28423517603
-18094518500
77015251319
56746064273
20482202034
27670024991
3259430182
48620867368
-21563124436
7338216808
76297494792
-27740776853
2403651307
-14748875812
-7140540575
94338732485
88566553351
13532198194
62605104467
-26548827625
40083550513
-8078771888
-9103649560
29011307902
-6952609372
63770968536
77069874494
-15937950561
-758181564
58700525168
68222614411
84836086499
-28704841646
39711129395
-1580763041
75755397143
13139514561
96396130915
46146636092
52171816363
70463798194
42336853351
62948791483
12645231417
-6232425693
60714335248
48217360086
5971455928
74435675758
63947548075
-1031517458
57925355315
-17139406108
54835414632
22944004481
-1389633668
32485694713
-14692775
82177935453
-4607257135
-4157462819
-14906642161
72469449526
99888812841
58910388265
2687004455
634829033
-28629419263
83489673085
70288058317
-28404974142
2713500482
-22977059177
-24704615409
63459813461
94869952021
38943963096
74603907445
4604259769
-13322910937
-948866344
13504538656
67827574242
41653998644
-1830125928
4902629215
-115487067
-2441791432
93066445434
60906462030
-593269827
-31392705717
35077656924
18892717685
-20544068512
-3252716154
-776752734
-8429366112
784768641
-1789844117
29314839912
1707159483
42989134331
548037037
10506771100
-14726133808
-38674113125
2404115356
25136030460
-1386213013
48232978384
11451733746
44283958297
-26168042375
5126923022
3548101291
-60219495312
-1841891757
46605869804
-5166167689
-2094383996
102114924758
99538171978
53944121403
32333353765
885275129
26385019004
96118889978
15134896680
-13692713758
3965623675
280504018
46376385218
-28142063279
11779553730
-19582605069
-5371541783
1341446482
84115079455
-31981817337
53700816176
14230827025
60487797449
46907538608
81469746544
-42449038368
-36875360630
19496437841
60928137380
-9384745357
22698904612
-22626570278
-12177490326
2057028483
77719680819
-4954513355
23083724389
97566375828
-7225557151
-2938495689
11167907473
36146139737
117862975306
-51152608706
-7973476537
-33993594327
-486912197
4188757526
29336651825
-364443591
91704704431
1599630298
102549698376
938026802
42475328534
-29731154991
44753986142
62458126068
709984015
9099478706
38869801571
3081223360
30634146696
91753669910
8249092558
-32605089294
41739780967
3315347330
1100185731
-40378704735
86314196505
-3940510698
-18911738244
2841304456
63819323201
5473705508
-28455039660
25608198269
35810733525
99088820022
-9600845347
32169411374
6230881614
1476720773
-13259410249
67396129191
473770442
11661676904
7094301439
42777218674
-5267946614
54339276890
-973484153
21411825686
57048490251
8216735721
46415663572
-19054340323
-18214091399
-14573508543
-4567025498
-1036410760
-26971244961
-46769681961
6136873057
-14939697705
-1562902334
57685329973
-26882741613
36935047415
-30712540838
7029523852
-2816508740
55394640800
16895593162
70817645361
-1054600107
2935364004
64419462396
45387498180
-26108018745
-11820673499
-9697726967
58527424513
32776682341
-400128627
1975575598
29096279748
2313937152
56544817470
-3492113784
19488121385
100084593100
-313510688
106377133342
-841202127
-37003025303
-56264959132
33710849125
14007248234
31199808388
18335603913
37486364684
-19844951744
-9469285465
41774728597
-11386681707
30329632608
39525092219
-718117313
28777345951
45654929129
79004031460
-2714923930
52404165064
-2687552513
40471955535
15326987091
78963708952
67202859661
15731944936
95897396427
-13139912798
30120477282
-9217601367
32896605501
77051453803
79199430029
-44406823229
67800040536
67391465327
51982491132
36362191951
-12931183077
45843792285
338855027
-7850591637
4402601860
-1927232940
37001882545
-985629334
-28597585201
7961223030
49475332989
-19337256104
-14356532366
-10862417163
30415030473
-26744618910
47035277761
38329742988
-17724757261
64052816843
-13661139038
28633080418
53518361899
7686673275
89948646945
-21178825904
1930320502
-45724845341
108796799708
-2455895889
15529702039
8620831494
116815235767
13006277826
49848505463
-25127238853
119591557408
12976859778
-6470917130
120208980
46220902383
92687154110
-21967540729
73248996472
9405653481
-21126864960
77175510639
22319913966
50317025168
70026944415
86183600690
-11278857691
-13668566412
8837982571
2987233983
-31815619804
21192763457
-16822205101
-15223795834
-156694722
21411322642
-23008751655
67014840157
21670081153
87675122566
2074875440
-8076376971
-45495922981
-5735991735
83743814450
43314038537
-9505607582
28357560328
10820612089
54722404748
105587080503
83550561892
9183397600
45328447041
57244191149
-10450883278
32163802368
68037531233
72427560129
24755920006
-19702089578
-17452144591
34712144972
-14111138778
-18489880233
22639360446
27010428152
-13986003537
53162077793
54629978533
92734491178
-15732301482
-10514359778
-11884103660
49278689427
36696030883
50685255200
3986020268
93360454435
89510174929
-7825968404
114049705673
-23140564879
-20187723840
33376413176
21039597113
-59430020707
-269214227
51097503445
152817084
13758597695
63355691523
1067210872
43700370529
42547204070
-6228399319
-7135696437
-83994761
29764983697
42273521679
-20456206415
-1534538199
27862015699
-7655777406
44176415980
80963539403
85899296178
-32522405140
27886941238
-18529194854
5950720640
-3684882854
35824471770
15504040143
-17763626417
862101298
-23889684980
38212323369
14978251246
1205774755
-22641227431
-23032188050
27265584024
66248168968
-8090277321
68275773537
-858850002
-20332980249
6085842226
40292057976
-12651833195
40995750571
28125340188
-1653263704
-19381849370
21387007571
-24630852466
6123771360
1907034064
13129269313
26158530376
68268086697
2196384827
1482091203
100923666330
32888252127
-2709082942
579876906
9200230145
73851889105
-677012671
-22391766805
35710999750
47671104292
-47610719455
-5258770890
51649247423
-9354827662
39080037672
4661379420
27724149339
87716084876
-11732045267
-10225378906
43425571845
66965809143
-21518986124
11530350737
28043368424
93760753646
8725259734
-31760702348
-9422866309
-6286464993
86264106441
4714738355
-32349710469
58511084243
18330225127
-28252745966
32175398018
29157928479
44681872460
73187906651
67314561284
98152601393
78370394514
-6802230448
76849892553
85790975071
161659826
23705487754
34649403182
-24825163045
-723759003
71073487547
82292772008
10722699060
54387708772
-48897382331
35733424992
88846942295
69119197645
54643499305
44179641076
-1364885092
50115331932
20450304819
92751056218
-11857138154
11117616010
65954308240
-9830689663
32054591625
-16430931889
17770216607
-4527706575
58099779395
-8622347927
1694567001
-4127743781
74125393601
-30696398352
93800267303
-18822200607
79895948873
44684958709
48757778486
51379339771
49639164758
6355642670
27106306567
13333878033
760171908
-33735727681
24525452492
16720562597
16312701915
-47095666061
36013371820
-15529747111
-33274558794
53553032060
55134745399
51231566847
9019458614
-17095383965
19632924055
34991268348
37646316332
-4759670042
78224950818
37595260453
-9707595343
-17047838847
-1042415531
66224223477
103654441452
87194424613
108171978391
56313345185
-33076857062
-16231545844
83430604400
59775467066
-27020550052
15161378468
22589906876
94580840666
8485894821
10720668807
83233893562
-2767135481
-9779646985
42712435236
16621806592
46660412346
59485427431
-2228980796
-26418789178
-5150440051
77835193358
-12980679918
-3355264352
-22515659514
-19053710160
-7289582552
49912394306
82974734713
13984743894
32954110132
47453041271
-18586202398
-6721438867
12047239224
-179606635
26622668649
10233395737
-13366387346
31352358963
60710349110
74778488765
7528981284
7074372154
4640404053
59800298752
-9098764554
28891193254
964932093
1463594911
44780394761
-23508020072
-60031124869
-22763470853
86010026292
66678052310
34306454093
49732470346
71553165169
86020179206
-24038483620
2257230286
1891787856
25836820706
-44663125459
54777330292
84564022835
-11259228076
-47720378349
85524447463
76790469843
100288000218
80138943748
15798020794
2081200676
1950127517
102814270311
27123071667
12938362533
669681369
-12428355598
-13708809719
-2917461928
-6057138027
109798829110
27126480247
90245663403
-22076744853
-6974099606
19106330767
-19072139211
-1094738631
4842538263
55903042545
2920515559
61893349639
77741915568
49804747809
32765287719
111432078546
-351487545
-4748874496
-2625778553
-38550391233
1489313956
33341584585
-32981693154
-1805708508
-34325585228
14680199928
24480489554
-7702733177
966482166
7559320786
-19172321612
-46876874186
-13576161426
-5655034958
3190551109
76512089439
-43303016334
19107518359
98725537121
-9556239075
29839759213
-4433017393
-25218747634
36337024474
56937017467
64977054437
58588693096
61763303145
-1533687296
75558991218
30595912609
13035869846
88552295589
10898820616
84094928232
-20368164037
7242124168
36621925841
-19493497143
-10924047067
39471736238
-19805173778
117881105984
-38845940873
58877523737
5909444604
48720170347
-604330579
-27900352717
-29204972844
-21673873872
4726232781
-425534844
66929078955
1332373136
-20973783066
-16597014084
-8940061441
-46703679068
-7960610802
555649019
23711554931
-19757195923
34599292500
-664215869
88410303403
72204682987
-19818691950
11835999694
82319313165
88862807600
-16805552934
15723847738
65896724405
13788737070
-2294697808
86158340189
473680792
69157103494
30635712515
11645385699
2435784883
85604358990
93743612099
-18848953174
32124453556
85729553417
-33438643429
12600318173
65124028700
-28331396355
63361949487
-48932195030
-11255986786
9433513143
23019137897
69646735920
75527055410
7277139278
26278112563
37898640102
42747008100
51932406367
9178500227
1644738610
4776883997
14257408450
30920066999
28227925637
39512286666
60504383235
-34284537374
29854389418
-23407933479
47378600188
-27259672999
26016698659
23978215199
67852780907
38983974076
-25710977428
-35067682356
-17100020468
-7629460086
89450006747
18025182325
4856272330
30810612637
-11126056337
2684177755
3099289206
71549188414
2657098822
100504620403
-26736475728
17229406389
66175341755
-29717276669
15472851939
-22608538521
-13739928708
384798871
-29097647715
-6134375070
-26675753869
86528766871
-14072408791
93805985249
-1158059235
82281467078
1280461902
53974859440
8545749052
35563994095
52557087352
748309786
70476995706
76664456785
15629888546
17708481394
18168413234
54837826135
57166222749
-8688764705
9687757104
-12391263011
36000323311
-2327654110
29706876191
-845078524
-7683310861
40998579166
1771757948
-24043205934
470564215
-16554508799
32417820239
-29108046709
2263421100
80377744412
46244103104
82126674124
-34268755875
31329537848
97787221601
98395033
38910865439
1338431425
-7584394180
390228836
85735525469
50061860423
-12963703995
58143885806
88382446947
79545690310
-12841292768
43730579602
13820750313
-145838758
-36083133689
-13776075801
87043127863
-20344192847
19349847034
22114247481
-5665238778
1149035712
1636873572
46490554001
34293218388
14202281275
93233321395
26431756304
-1996021040
-1199058774
43403433998
61775964643
52675409404
31902648835
94760262789
-25225295167
-2345582374
-35176195395
-9975731439
2058403693
45375480272
2638881026
64614347089
12298714131
75251804780
-31821289012
37914627290
26996572928
81787351440
4700137990
-12736237720
1823234478
39571038164
83803551731
7772210859
-27062321643
35475918425
-21760800454
53192766466
-20985472931
-3140065289
86345465596
21423904171
96069621587
52869407783
-36203786886
93323384672
-5887574538
-28073336381
81928341102
-1214337197
-8847172199
116848538717
19625637502
33222261929
38660344958
10400484902
40830596561
32065434846
62099632646
51362988116
53641221599
-1120860880
67308058133
-4651473463
112324669752
59713569388
113536750390
74116472303
51609116543
-1316622611
-3370112095
56073141085
-16848759181
-563120280
-36309876105
65065049474
8593388626
27308632646
31630402461
2075844099
22860872249
4492921389
63131859576
14102709620
52596298369
-38995018478
-18026348909
-23937063953
35241691154
50053363258
48388342755
3970222124
-10858792958
35991108199
52954685258
4265838794
-22882094824
45072379114
88168570055
77033284561
53436214630
-1070351578
28446937115
92859450234
-3777040851
87996155471
39385170329
40409248563
-3400295323
-670466788
-32646171029
-3308685685
-6183847936
-48061884962
9749733921
-13463312794
-7927600586
54353765156
-26170676766
14106848570
117734349400
-33503270124
3324516263
113307532762
-29287456317
-34586072190
-17026588272
60480992602
-6567143731
-9985735517
-23431909509
-28431479261
-8245102752
39995838907
13195302347
83171167583
-13495020709
300445830
45460960930
13787018499
17297857988
-9744012250
22970236939
-17114233960
9347928387
20273217761
57472615393
12432452531
20723428389
17152979621
51850441278
-24858362976
8878745592
-1756081262
23123878420
58811584529
93833755012
-21723103443
-10428223789
12755687598
95177724329
-36351654894
67346545637
87721863668
-22736567895
67454230771
-13343134321
-17437590534
12678934269
19386625388
-21034461531
29712003632
-6678530142
-5476506424
49955816356
360872777
-12378006239
82684279675
70995490241
-26537203979
-21578775061
52340115181
-45819877939
16268122679
-8020288469
-1641272337
102934634550
-7468256403
-28697939688
-11323417502
42151869699
20769786837
-9789920397
-4431072154
96963363495
11473817732
-22041568210
310618387
67858617432
56818539493
-8989935737
-1055434018
3266364978
60076581260
22792182285
55214684830
16294668833
-26554268321
-47687643685
45102800843
30398569299
-33978086528
13008285739
-33567786585
-1357768497
18644061065
24186339296
-15967932936
95399931909
28294178058
49404219988
57067316077
61477585746
39527977078
53433314406
47396832995
13839674006
382245051
37201986784
12966394044
114269122181
-653190248
-49426506431
-30357355068
52573741113
13552101796
-31423343766
34461960504
67773714994
36049557150
-1741969074
37908729831
-20127002403
-20739201760
3448928443
29504474445
-27434175787
76838207829
73731647656
57042763333
79832461734
84353935687
-7829169886
-26456246785
6907504427
40037946907
3345220169
53848188593
20569793957
-27971839653
880954435
85682489491
43496810475
-3793035309
32922053479
60620751486
-44213769515
8008596761
76577482435
3062726789
-9350940252
63147266195
83748487313
48103810844
34332726185
3106328742
4972711904
-21786169997
-10210717758
1058389691
51595663496
281768120
69118918646
75391520398
18161186981
-26017957095
85727841255
-25818568332
-1907454553
13361128977
-23989203066
-4475160498
51891680824
5910044159
7576359768
-7077457114
-47521654595
45871192741
96207569140
41876909528
-18965556162
7760938171
-10829089574
-22444033392
3284694474
23132165631
-17607875992
1187882659
44528071844
-15761465115
119196986583
127361697
11139903547
48536574617
-2265786227
-17916762447
-9661460871
11359565532
57123937122
-25907031827
-36897760445
-10175377551
27697247217
8015644636
119907161520
-18034485906
47411341396
-19191560270
36538246790
4964130502
1058206940
10732778131
34809248828
51290914078
18716919519
70691499064
4725215944
36492357150
1590975496
11522741495
120010276260
9683500202
6453599905
-17352314276
-9993288636
-45816555380
58419602840
97398770995
-62058266242
50228197441
69889983641
-24213696666
6721120153
-49942588223
-33251934238
23221938902
71263202911
56786109070
-21332101166
65342628824
49192122133
-1122719966
-17310861200
425751694
-10631709970
-40595179710
388663525
51782486833
-10040660242
75988432478
-27905430912
-875998186
66800190388
79411562074
13790763175
-28712389321
-23749353550
42257667297
-1369241669
34738780836
70707566111
10461999117
-41054676787
649878353
103166744887
7880776929
79475667134
58513716847
-3361021205
5956555365
67223041985
65691156636
-31913693585
-33840999139
17890234361
4015180593
19600401116
-26778994928
48749954367
-10954195157
-7015735449
-399297051
40584912818
45107987940
-18138991758
76571415667
74141145894
29992243110
66207371811
37716219586
-25298360485
49645064836
-18270853490
3708010038
18128194377
29266175123
-4038205417
9873350878
7024174882
20342536124
27988068770
-2295374784
59792590232
4897577427
53149379239
15997186172
-15818855983
-16653006589
-5086035738
94098946390
8379838958
31133045672
-4663431878
-14948721771
45782943327
66154342449
42865326144
56677280691
7250709511
-51076688365
97062121232
88063090159
-17608190202
33106062678
13043445858
24474546648
52165641963
2754560255
-3592006181
-2941009703
-2438630621
52497801426
65293519937
41698667422
89963894199
44126273809
-28404125771
3982817952
-23424642039
-28662336907
-29248493144
44606843890
-4033073331
1233081324
57780734965
-8676421062
24608405732
46343351268
614960934
13879893208
-7722748272
-13266174407
46872599221
9758471920
9477191845
40110534460
52305214663
24999121921
47434833626
9778717438
76624753181
-26668146310
36371918696
406270699
19812057054
55778061101
5587869188
178445462
17575280845
84125065790
-31950680102
7316739522
66225805598
18054797231
-4492234136
55693268877
-25967418977
23219044320
72389886314
46758734728
62667724271
62804805815
-3206535586
46349690696
58076972252
1898032279
46593957538
63662262295
-707635104
10736458764
59693400453
-25251564625
-41550968356
40708451874
73035721839
37384376167
-127931950
-7654366859
75406785966
22623381669
91993091364
5427612667
10189463080
-29735169606
-20756343165
72194298035
-4725788338
-30820435144
1683621236
26079261515
-29043764767
104791758053
66026799552
64247830546
33209193447
-12967921016
16594529565
79381537552
420193633
-18317864064
23509433586
17573849313
55825660539
15776034931
40111297139
40412832844
26257704998
100846070471
12074058356
-8225520277
-14470194604
15283756123
-27466958221
1219270535
29582204815
35071729542
24478354726
-21918119422
-50943425694
-13506760946
13178163511
71967954035
37021477342
6669740242
33995838397
-2207487892
-37367811688
86960664513
28047135225
-60813911394
7719594426
3223059534
8796419481
-40574339412
29173975888
12224122713
-10382973715
69546860583
69848860184
-1821696123
91807041800
90581466591
125456019
42941544216
16601726352
68977323846
39445882535
-25832297046
-866068132
64982497804
-12221721992
-35038186879
5237699779
68671365148
30121480752
43664480207
-31060911614
94718574948
76792290974
28457575988
27312444810
53140664
27560274830
15788472533
-2497207909
27815448699
1727815911
-27457653980
67142608435
23166263901
-394555308
7314928632
-40945883499
-926795938
70627558145
-8514662211
-2137362831
41467401754
60987461093
-37351377424
19669356411
44109864496
-7094264142
41999373481
5245335766
33686062945
-3625070742
74613386249
52548272154
111817442849
-14296163883
-5975530770
-184918509
65834804512
-34037090361
14792806404
1299567397
16936565512
55205481498
-28224859924
80879863565
8143939549
-25887374832
55246827820
46901222539
27215097201
77058946797
21637833471
51713034615
44922671810
90737508224
53216109155
27218398446
50618687958
64544186306
66276720304
25060169847
41632999931
-16637597122
323907539
8421038093
2103367454
179301549
9075254335
78633317414
-30641096681
21894984703
-53535373226
8097015558
-21879124006
28147322172
-12731679791
-25610633832
27287121454
20603076536
-9460143079
10321009638
37060706698
-24816013668
64935360235
8811262676
91802069619
-12728937432
66369785001
-14461029223
78635718813
657433890
-53857917959
65803027800
120248252380
70819285367
-1349665577
9700365171
31389617768
-21941914396
15606950294
96017012940
-9897634340
115312198742
-8464233583
102245470663
4225167228
53587162451
-14101193761
6328196400
11832304381
48111936284
-2519368132
13543690763
44300436536
-13868604983
-39086621049
-4260347703
-5488899058
18408398202
-43423032864
-26319381622
71362054500
72672778841
13107879285
87871321287
-14282830244
-11352389903
-9723050013
114313536915
38519472097
103711062807
-2192406841
88724151324
-21991444781
53731622293
60641080348
84136695142
14065900943
42433212667
5843016970
71922585250
35436937268
36094909958
-12933409236
8207276280
-16729131972
-39951182158
-38502655754
25353321778
53980898132
21915819157
-13722084860
22136775590
48944908543
-4254585842
91451495352
20310805569
48919801359
8202096202
27900756133
12382221964
6064862011
80877027513
77465919861
-35285094505
115326926413
116351575885
81641857766
3823891163
-12169803100
68498333806
66754009829
58472317007
40354512641
96049063441
3070008630
-19372193277
44149466776
52735041686
1714516342
107646441171
-4326297013
49375274543
27443933814
5833821468
14127842830
35666994981
15489086561
48221996762
1067239025
-20084902635
-30298716447
9431958618
-28923620878
41724017288
51755216720
-682825468
-21689401459
-334344755
-19421701021
-9743194567
75643864925
-5139287799
-942181205
-3940624299
3350569883
35111470240
43744365786
11930085909
-14600488449
23963250679
48554524682
65560989978
50340762453
-5123508078
28291527657
-292330588
-24833620804
32097264781
-25304734173
25502468500
54913825685
31528821026
-29011500062
76824075700
36813266713
33742373590
-2244276063
6449412048
58527270289
624870730
38503829978
-9162546124
67186457750
-5977273842
-28241613807
2663634206
-22916395449
89867183882
15994797950
59766675320
-684153837
96177636974
-18255277743
30817178751
-2561072197
-28563419334
117354169725
-48802493292
47094345142
-7056601637
67919200768
-7619108950
48564144338
5231392888
-32713339279
-19063541312
-28165809315
10019821122
-18984446454
-26563862889
-23175082068
9793163725
92927661055
58847350856
-15278623927
-18450128900
-2960553237
-52982659696
69970809561
-32763662165
-18902620845
25713925640
19524541513
-17157852076
-46393404746
88025310032
-19817701855
53549790897
-8546391567
-34908540273
629646663
-996462353
40248599201
-6952153667
1183280135
97544014925
986951333
-6524278864
24995371525
73969653638
21457920537
10461942067
-22766624671
48462424542
41772473617
28566304186
44872548241
-24515462562
4952176938
66616139787
39189973036
89242584955
44753727434
-27022893636
-22181797147
83175463936
101655937598
-5144152073
-36794200893
-521371596
36699928202
-19710530157
-12351335801
43418495619
-2287040658
37079824402
-23724117277
11670858634
-57727165
-14157549745
87451490532
97739485873
6945295015
-36003708271
-7029597154
46391960392
14355563146
-32742053251
-18171025206
-15094440773
62391761900
-602549889
-3482283674
16871129267
5433981261
7171919271
-36492156164
24445161789
-5351570217
9612388352
-24445079853
62217311373
39160061892
88591009020
90203895549
6963541917
88785572782
92004097864
119856081974
-17600633466
90149494193
20084822218
-44476326542
16452911250
-49311260861
3275714675
3124640869
-23502627376
6012425526
82627429487
100178590368
19648414137
10389518200
-7090307796
35392040224
-24315309516
97859175042
-2137625599
101011947328
7548189366
-1442716628
88459538120
43002088277
46615393757
58816310967
54098135485
40459716224
46752594217
50665287451
90493684109
60099316649
-3594502516
35380209506
51802315943
-13945590458
51595424341
30934198282
65966897688
5490971824
58342120411
7490638434
-38388755997
-15385956984
23842270504
213968404
54416579004
92761915256
-61142214116
8287953979
14407194416
78677346053
2232763390
53265003627
-56259592723
-22425349762
76780200751
986823797
11150692680
71499796106
4968023005
-12438500051
-11342828511
23442612978
48375939682
-7460948222
-22022524246
79898247298
37824513830
46527905339
45482388505
-25062132895
68185738123
-31678394627
53412297463
-18753925462
50535105709
53233384244
-3897159520
7020610733
98342570500
-50582563385
-27751370859
-7114275626
88905615744
-19589705609
-21324374124
59490796216
-39747473572
27004143838
-8644714783
-7196744876
-2881399764
90834167794
64067755848
28131323049
91676930806
53794802576
3079339645
12029200790
66317795480
-38867961087
56824779357
-7212614476
66621810574
69576489578
9185427548
61942528802
-11871798419
25021970168
40961521006
-9537575959
721349669
65576345252
-19887150232
75402356694
48153867761
28220651277
3908761425
-16894541638
59062890295
59025010333
30951714284
-8143072013
73453670376
3432302168
-3151058339
35542720801
73011788107
92661799366
91222467870
90913918976
47012534390
30943674090
58116829914
39701579686
15300039986
25535417200
-12170453093
51696599506
65348818235
56499240910
-11198081330
38448988651
22498562278
38220347204
46490396378
-3886923795
17572161752
34340160129
-22361225497
46504248857
-14746239406
-17322190445
20206288696
119105665862
39221347080
93448461908
10605793115
59545802829
-53840895330
-36013347704
34225170525
-25821003244
87975838283
66094911251
-8139344137
-16206279601
92815546863
-1377344405
55857021142
69128604597
40937582054
-22119380042
-10823207682
-14492240527
-4654111718
-6542259995
64748510215
4582472980
109079693668
-15604846694
-52196742431
52572881857
-1071136405
102036898153
21482251557
4613810170
101300138977
-19763021968
-20349236962
89643198901
38969208262
-27483839972
80011398355
43756390395
28083437387
58293031875
7124501747
88147300875
180697281
91197556181
-11025699172
-40301318645
1037327991
-10955980449
-60415577568
26159448687
2837103642
-12290284338
67179603482
-40255269980
40336141223
-9268669589
-36436340634
8448529945
-2234164084
-21936022266
59483050466
-29253047586
73147879763
9552691640
42802977676
89184255543
73472280520
-7809841616
-30828942437
50868270279
8384867092
33523576314
-46440697814
-5439428461
89244984244
-8010678446
56678057981
-4396240353
57162176086
61616980196
89225841475
-9038245370
-23941809018
87397555475
42846447866
72357471697
41646043547
21551981925
2108911969
30554698445
90289292290
-16754371122
-9443360008
78683427127
55193343257
24867044134
69434001215
-2943201902
-28059344953
113458939053
34786330978
68572971701
93969344984
39155264531
36166716351
-10470808974
71691187766
-4984124007
-17069564061
94695235641
80126002726
37604244438
8336730945
21740521961
-19550561004
-6868015988
79083806282
19939479803
681157034
55769753556
10453543900
59177998566
-11627309699
14053823696
-27404930643
67393386825
1763675814
21006741325
63454904427
46009039102
-11724874791
-10027961172
54687185793
107866322901
63414311379
1824774021
30721193148
6446422924
-10875893862
32142355730
-19933995663
-11298423296
-8453250313
-2638076969
82147312468
104021399442
-25246832284
15595810845
-1591314908
-23374757278
-20506689258
38974224971
11762725258
31316616179
70806090005
-16268441257
-21508050269
81555130382
27853852450
1713776429
13711162160
53171772207
-15686169978
-6063803782
23496588234
54326002937
102666006209
1002722278
-12386539484
-2435170518
58644447489
23271611446
30376146821
-26207399644
46352173782
68978064202
-18424600208
-1268980509
77565948231
79298878670
30562557756
82736422500
-40642780029
53600503342
-362360019
118626117884
-6832759630
68463591473
98353753050
692556466
41326075780
28682263633
91985779547
32142665868
-30281511628
69481916261
53238203709
21202459538
89664620086
-13266706373
3677077273
27709855390
77342074568
8151793480
35694391302
13117685630
32947172164
12891712897
5398990315
68235480964
-5592338821
37465749075
32263315881
-27374187645
-2904158561
31843724583
-25320212523
33826768249
9638787215
15317302188
57635731942
-26274547854
76205658723
-9972930315
73661062618
-23650319858
6847790536
1071778058
-5319041529
45382950056
22818897970
33746848892
-3576903448
50494821770
-19545245586
89902254814
48490647784
12382688760
57665196147
1820868593
90002455504
-27125455464
620758491
4618296929
3633955346
39526405999
49613094314
98748762505
14547023926
-11946107058
10602152316
-17356291806
62389742561
-20857388893
56941471610
1256927401
36516124297
804584677
-13639695424
14569752443
5511248629
55289696457
39463067921
82835499174
-38214004068
-6911792346
57099912936
666073582
6200803130
-13537524961
-23196502531
41135847410
89581932623
-18645577273
88048281055
53252257163
3538647662
88257412104
39193559079
111818706066
-6218000771
38157026070
20620485408
77408736698
-22298166303
103369518306
27481934081
25375237745
31158065982
-27659322765
30907731410
-18163048138
65815489055
2006128733
84748680059
63936975753
75461496290
56355370046
73956346499
13557700136
5231163493
-32582431201
-34073036531
23905367657
-16973591472
47050022010
-3838588870
69460302542
39328139430
-24693669110
29091936752
-2428153857
83968723502
15776756533
-13975875747
-26724167652
28025519245
-15251901908
53056557831
39519652892
71847395871
77625024317
57030175863
45693178108
72341728985
27748297052
5873777491
-32609217129
34553301709
-49407460660
59204411632
6886793469
-770460018
-12960817177
39369243060
-8273804638
61880870737
8462142271
47085704241
-26273506074
48464091705
-8811140917
39408128474
87442043569
88417857795
-10613809858
-10406731470
-21990427891
47725172979
32639627874
49692505609
4245698440
19177740922
-10107616729
2357544352
-30729493420
584631251
57496962236
-9282876991
5291400994
-15375856151
48219390127
16244423
-6329726212
23763776474
5582354149
78094332630
43669351350
14492865982
-11720765815
55116083465
65930410483
33302303393
6536827965
-27992219161
-16593934548
13799263211
-7681750446
33449084919
55169288627
4956528763
35242913547
-6147145641
44187349335
83893505052
-17408021337
12831781405
22707836459
28820740498
-4380988947
25928285502
31831232182
-9035898473
-12072437630
17487258388
-8888927305
51338490279
58100950682
31142232611
-1098721693
8157649478
33250362554
-28214180800
-5538925766
65912081854
30109870994
47719124634
70912276979
53492563377
-1529973670
15364196811
-1148587950
16378967842
6655766230
-24859868840
-24899131187
4685804698
74293335699
81606335009
-7524620087
-3948356097
5036014047
90723872400
-3695571772
99074294554
18766957368
-19153879423
4457657348
62615440219
5817885497
8624119539
19367442913
19136425851
94314703099
-17470547274
-9852415477
98763199275
34132804768
-12152575115
5176693016
-13501901752
-473263848
-11406705088
41709388898
41539722496
-45051595677
37875883757
-112761573
-3879954276
48639758653
35846365904
72897239062
-21967163329
892891364
1617694185
-5825447529
46230981519
86632665315
24013910524
5853204977
-32039376727
-24221256019
-15494899638
38654588801
1454143883
68876088832
33618252901
9822346547
71495071129
89633916356
39110789637
21072360979
1716250498
-45723628231
3421431954
-896609687
-13959198958
-21349203458
-39694546344
116137426924
30582995221
3600319586
-30806856916
104670697879
-5949044341
-21239159257
92260973065
1525111907
12997148970
71547178347
52757182204
43203433632
-2638207657
8540746479
4950557041
-35893209385
-19649667586
28796937548
35009375031
-13490274526
12451095683
-18968546914
38937894422
57618041642
-16829000269
-2375280501
27613973571
67530134970
64862832103
-985729908
96021112751
-14686205014
2257595531
-3955403913
35459898175
88463380531
-6086730048
192367158
-4585662424
-32869966097
-18478866160
-22248957848
-11511449326
10140738903
70482382149
24578132093
7590905964
-14050849607
77034215114
-28682971218
30133430756
50774754507
82893111512
36992439054
-17864107261
-8138541371
70343727780
2273227583
9145695803
34352665074
-25354844879
14839175327
54623131170
-20528491704
16929715480
16253787006
4976973946
22613420894
-4189400160
66288150270
28396744129
31213504308
89702038923
-28204090004
55787731627
19508570780
62550563515
23794407953
-1835189281
110891253602
-20282289960
19319166866
-13478159178
104817758322
-221714896
9151012784
-2554781615
3522176637
-51460475364
64995333156
74771420606
41859802462
57060870238
-3208711674
-24676752786
20016346161
6512347425
1588374682
73651495732
4709308329
69054640649
87515702
74763100376
-27208563429
37138127425
30462423961
4800148353
-7439719370
41630750288
32725413153
72738032104
84122874167
13088239946
10689592280
-6059655343
54729535265
-896609687
-7652234727
-14751623804
-41304755800
75235269656
38760555683
35119239490
66053472276
67781827501
-18819787850
-17232383073
-2518700939
3330313423
73926308291
-4076932652
66197751304
-9103514619
26518275887
19856174540
113446813921
9826697676
-18134524973
-7048588726
-15813998316
52398418254
3322623251
-3881977042
-17565804840
9437055548
-15014630501
3346796819
69070136251
-48522278000
-741012923
35392690564
-1366998754
4614592062
85308135756
61535694840
86686491468
-4384417137
-28357726157
21726090969
65725794282
-10518263104
41770433706
18703038277
6583827087
8674838663
26262662350
11723583857
-52551801110
-12513062466
-53904548919
56599754264
43593078380
-1566097493
-22931951048
55566722165
65610270572
-567718857
15513621798
21314521266
77386833033
59656420446
36815670195
67028041584
82798163932
-9123168154
1200985263
-3523285764
36815622228
40510425617
37525396417
64304540925
89291943698
-7783702995
71805398783
-27612747445
44969268498
71629650567
49579628872
13679075707
-21500997234
82106140545
-3191298513
76209950591
-29462024646
5502729492
25263407301
93770319330
33744326240
-2259285847
50724477795
8241192552
79651134503
-10130494528
28238258055
-2257044356
9138922439
21148060672
72825678914
-14981372715
-8591669543
75149296238
80667123547
90261576757
-13086380899
-24293402904
-42532074315
-495615557
-540211415
31811711199
57412270906
-11295116914
-110637785
25622490447
-10800350123
47760458590
-3844543197
-34592240482
49043949469
37065514570
-26360781311
119727333928
9472811463
51595156713
-2011788125
-784031175
8614224205
-18109930879
30173954175
6535519197
95286135714
-5103409169
-3821645291
81206180022
-39821675124
48997970115
-10502009162
-7372574895
-39532363024
76130029723
-7782576066
-44318982260
-7795736669
42265051059
-21074095569
12623328993
27614732214
-485587970
-19107843704
-20402842566
53873653680
-16413338403
26462382411
-27378789269
-24891401688
7385951011
46841252185
15852151781
-22999439977
14325068044
-3859359928
28351013627
85121786520
94842730956
24867049143
41406616221
82470502278
6608270934
14145807068
-10029671675
-14664824184
10997583422
-13345484906
-11739202083
89826736401
30142129926
583877254
92338156337
53557379155
71669535642
61316929923
2156311442
61045347344
-649771663
23262696824
-2391170306
1422308003
1168748016
9126526869
52588216235
54321649730
39701204521
-8480635882
64825637747
-3267971331
24754736135
53204950130
14741533487
52649185024
-40727831076
71437492820
83012452806
-1034040013
28454346193
54739458619
40498443664
-9129600137
113260313306
37708061750
18407978414
61082923160
-44847278327
-5455905333
17639436862
62055569221
93217961906
-15378893585
-5819813041
71041001387
86781011312
-5614182767
-7640658422
63760038474
13233955012
-21718627951
-15436910758
4923634600
-12190296845
60969335617
45107775243
33457840129
9085993754
-32379969562
54808698275
103265401964
58313556594
86992639685
4953429210
-4719161239
44705688641
32940204626
-7648383953
-6602983720
54925708402
617558444
49709924689
69268673330
-24732754465
74842485351
70576936988
11915421883
27431488577
4512910088
36933667441
-51062661930
84634225845
-33943895145
-10691999609
111324047472
-549213178
108375549341
39618299068
7264330466
-2702495157
63067249996
33839726817
58415521990
72371046039
15301177933
-919514573
75607912669
92019070422
-9067713469
-17791500148
7623654874
68742196397
-11251612592
56272673275
-35175293422
116142515750
326519380
21696725854
1491562058
-1823654871
49036038906
25482946325
-5591443800
17500015838
-18592669096
-3234198052
15258172075
94954523010
21137980857
-2241554884
61800474468
70682292204
-36994069500
65380015270
37402253185
2150094554
-4815597426
21578303536
73792707002
-1520462129
-4869432532
8324602186
49338006040
27119953372
46737830693
-24998805326
-30735711342
-7088891607
3384541078
89583013909
83244819879
82604800317
106402638179
72138685970
49486745444
13847028988
-9306084828
-32624180881
22088753917
-49477314167
59082533075
30706681354
9803940547
41404148496
-27811467811
40688043653
72551496874
114096784910
-13567084079
72645816752
-21433379368
65860188161
74898002268
-3905436110
74425805112
6940877159
-49462698254
-28103553936
24494683792
7999219801
96519838473
13065277536
45593175986
1578297099
77657497316
-1414840501
-8424396380
-25288691576
-512036808
53748202853
82940021018
-2968940369
21099691250
54103503622
46083186314
8012484464
37810369110
-10991564001
-31063883823
52588469336
-24976177866
53650120635
42881050193
43953546378
-15259447983
-28482548315
14561557382
82832202340
95450691509
18236143053
-15947628955
-14568530663
-21245321322
2348896314
-25358898809
6098999686
65789668800
-27276054124
-35770000652
92037871872
-28479222
-5006877768
-984729203
19511719754
-72709769
-12356927376
-23756260408
63172919511
56665525037
-8340372044
34736270303
-27111221602
28422364222
33075913541
10064886304
53755946243
-19783341007
27147018424
7566811848
32666887533
893701751
-6529112220
13052043913
34308411681
20353154416
-2449481287
-21199342821
111094337611
53584395217
-2855557323
22303650651
5913571058
25919927763
3249360229
42728810009
26129571918
-29736735048
-15216337271
5511584041
-4285223621
-10119657702
-10910483726
-624987
-22055147130
4997009713
78213922067
20447682952
8633611082
50368851389
-22786358583
16833163652
-4573044308
-24487571075
-38150619343
75940125266
8978459045
45262284591
4150608481
47027619322
34732881410
-9896249832
71152715423
-23850745176
-2014741923
-30272032882
21748515539
36078286157
-17155397997
-12666960258
-17313540502
40271026304
90155109509
6359168970
62799266554
57257537909
56739217189
5577996901
-319380703
17875233923
67259796412
-59938649865
-4502147796
-23383955552
82546119318
17780224596
-12658686404
56790952076
75098062086
25846278064
96581312155
52458804514
15247547729
77663838492
19920039501
67796949797
10391496624
6667761712
-6841065430
-14509645203
1380969009
2503670803
24064832566
-24184050617
-35696019459
5969346207
-9702485455
37468384826
650398915
-1716486725
27014860748
54613558220
47447150886
-22275250835
-11237174290
-56689339559
89481539692
-11971030535
63971941889
10229764409
48464866577
-68016733
3687444726
61045385052
-13098897275
95905303664
19849901273
-17880969637
60257830344
-3246537506
-21852134252
-2395870022
96463643340
-3056143656
4050137367
37944246223
6992141405
47316728817
63803390279
-19882345383
74160288697
6410020505
2746536422
94429827369
95538656137
87768380984
53762698564
-16811413255
65320229847
60131838495
-26694882252
719216689
17284654685
-2612765245
-7739439536
-43998140593
-30177383925
-22208648747
52754477934
89605817960
59494626044
-6921953237
-2999237385
-746699282
-45650766
22917332958
23551279605
15841377756
81382766573
32849523751
-57499541326
63831918138
-19438539481
-18415428140
-30856867782
-12228266381
-3420586233
26675225541
-26840050807
67341389503
114277525588
41767799702
30460678774
29276405856
-20487927282
80150389004
5426264345
15716279582
63539091766
89582216194
102057285332
42557657419
-21071317389
-32524994074
51311237948
64378257914
-18078517436
61356144723
-8511483967
99381412240
63286894096
66700128365
9873223618
34295872099
33500697746
-2148510496
133500622
1439604482
4075699832
81025476347
61133115576
38343569250
-1436806067
16430917819
57969847168
72992894883
-21735628877
80225457349
107866696391
75824368206
29171557088
66439406424
-36208629709
23895885659
-283223875
67575220062
2932644506
-37560000914
4100906687
57057860418
-29212956710
5879017112
59873310327
2216169778
31212972843
5127892083
3351929162
8674865833
553856194
8913543707
-42796812187
-33856875840
-697049346
45248694791
30344860411
20019813083
89012853375
7104988643
-4244536725
37488256121
4727246827
-1679079677
75046846065
55050683704
21384028011
101554186101
107101014722
1180566030
18656673997
-9439815415
-47030273630
29815063729
-10166618163
-32178379722
89011442968
-23738117221
33735820352
55954493775
-27841071001
-6010697411
-1317389062
-12283920976
96836165720
20243105288
-15493953140
26057528371
-133731085
5259924767
-17867931111
1001571335
-4290807755
78661220625
118269303234
-18155128338
-40861765369
-1365951664
-21698166532
31656291393
11004307721
-710132220
-28427617371
-8770118157
8937084346
27885442389
23168353331
-4352267562
22716625518
104155576524
-19517658664
4902451708
18399737024
452165779
18681367217
2945576720
40794967224
-21335084076
31864764500
11376235695
-888641314
-19436456782
-8256772055
60818530551
-2251758407
74477756998
-5955613870
-5525583409
-24795292560
48230942804
-33984323947
11709081916
34114252074
-5517934555
-12011834784
-2991280539
58327117546
-5852078193
31470480825
70863004367
-4336354953
-1126081204
72425809004
37961391365
-30722136186
-51512810253
-6838351498
-282011062
81899097349
35428707929
-14879384438
-12986910997
16768260556
-24020486793
71254994350
23516262300
-29548150913
-57260135318
53666631972
48868220571
-923849905
-9347390051
66277890247
-2608576485
10205617366
61994293663
66792418733
-8404071780
58646898477
-7416675086
-15232473806
-1398552580
13045231100
-23331439319
101799562030
18474065
-8978151036
23346822579
62783857639
-11760970639
-23108025271
60944350900
92717688294
2276168411
-6265886463
64137734762
82782223785
-7426648586
-6541371166
-24934043591
-24690108652
-24723478341
-7481627908
-52623155249
37770436023
-6658177995
51098675898
1361224149
43303209101
-23577394143
84686033149
-34729975
7584376344
-7834726136
60858336253
-2349715360
-17057356372
3917494826
75811398389
57518779124
56968976702
82698966127
101118676313
16829630
40519134435
54755543942
15985659457
62615653271
-1852472869
89530682754
50799711789
112663312364
-5490566270
-29598738373
49062669865
18660279365
-47611663397
-13901621311
64850903671
60534672544
49280546939
1963291492
87582482663
72451288859
1428194466
36736742342
34136102817
74784736992
-11196251041
70264257554
101791146663
-27571871679
-17649518102
47580176857
-18520627319
13122157961
470940413
-52590498615
47552153786
53672465530
-2844311124
52374356261
63938658801
73572214352
-29700498786
-30355326200
-36110025032
97871898381
40100140975
73589068070
14369250657
32421490200
-5197274021
84655430424
39030602695
11441771587
-48499531523
8884550985
34180515888
42754442369
29211600092
63638752523
-548709171
-9344584327
14801895576
3780420036
-13206904236
77411122018
58561032529
-7970205659
88669506705
-37465919584
55383163776
-10628636865
119931839017
-806581661
-28899870676
88239803084
-57622946208
-17224760028
-8083289448
16375590766
1306794694
103650176674
80005515181
-24914998158
-32633490643
54613496361
63314344402
-13625697284
-16496067850
2737176647
62314459180
109557960555
57929265042
9913718720
38587242455
78233313387
64081527132
-21174083564
-6352228485
4664385608
-31868505042
2003400439
-27542962395
46151355629
18522941167
46109447172
47872879506
59520080217
-17346991552
-6982846054
-10427980138
34874157241
-28443037680
-41958026375
8228612796
13090672563
-357831704
28797757689
19006890654
35267347236
81082220300
-28503378177
-41731108597
36355874701
60268558904
1300350376
1459906520
87635934671
-39281760399
68313344638
48179241290
-5426617988
14405037215
-23241660289
62058317283
2222436654
-1118530897
-34369469664
65614379478
110430119426
30363372999
-3822480735
20834893643
18115993284
30900001896
-5277716888
-23423618815
4041621373
82771758287
74525224028
-11359226943
66245637328
39603408190
110499501970
3160577575
-5661693070
-37749067232
35663623108
65843391534
36186051814
-10881346818
49561114338
38684559080
70181060150
15729612374
29402405081
3619414841
58733937283
-17177678002
7298394061
68498603525
-2412221681
64453055015
71836133025
39117248409
37519922262
-14456643686
64313144932
-9264901328
29561886270
31301095065
69396576164
33305280997
58764238158
-57185165805
24514158708
-23380280870
23129549447
67700045159
-235673629
-1036892103
14112673715
-20707724445
-21286377332
-1855173518
68966606731
24897628469
62502091888
-20375194091
20448731150
17377340237
-13809887934
93539735753
13153605532
-31295347792
62313541513
49184206802
-48530780004
14816985155
92462747798
34103230418
-7108967062
22999166994
-22800183765
56476155999
31699644743
27124959264
-18771596725
8303816826
28889967129
-23115493411
36886898827
49606422086
-41972088375
74030011262
-4490815301
63509633055
19294345783
53305499145
86753107784
84500604845
83648085008
-9038556907
-4886147110
-10617650886
51920565271
1843580450
58153619406
-6521264558
60371852879
34089594118
-52848802
35220036357
167936949
23155039608
94666223963
-317312129
-2044966620
19784470004
58431477547
14583457094
-2518363368
-12736795181
-2174493765
92923869999
-41558354345
6949444022
65838587
-18781186578
-23688418396
-18486297017
-29963169127
93209676643
-30757301730
-3809918127
18673037013
26053746363
87615670097
56398523682
51289626009
4084626971
2606591768
-3880257594
6668178276
-46421390696
28194505866
1163325104
-24716980404
-35182348049
56779436760
-1494835235
33903078125
-3854436550
85554592617
6422869034
44394716261
-17975820925
74705013758
104130195490
35270787034
-14915644395
-57583013371
-7115657132
51020682440
-18282180944
47891651844
82091251081
-2085033602
23049744277
38594923852
-21421213591
17037725699
95310291705
22097875339
12012996123
5276677457
48209126230
73712886641
71744702775
74317583138
25922109474
12986077764
-1034472312
70092886885
62732673452
44354687143
-4842286071
36663174936
-4582749099
105326281910
-28962311252
28235650711
53276799140
65359697019
52203491118
70408729406
12955661162
79227404503
76900208344
-23259100771
-25343650318
73644005517
1595352692
11922091321
-23026305257
8097846515
-22219620018
3215245946
-1106258174
-5810045222
31276158085
26861642161
1408869610
67906402778
22000826528
35743157458
55068384662
1700098754
84379073689
68131070737
96428750833
3552677231
-27234799060
47398080802
-19358215347
35856185425
88786700532
83955812217
102046400334
-10437369173
22553929723
9902009497
15442059995
58039063831
40233438615
12886824127
93942784775
-55478738
18059668850
50649967944
-27294392346
82610714086
54953285870
3146850673
85677710482
85083459141
-13335974408
-16064842390
77352563069
40550194809
59115084069
4029940299
-12675985973
53561125923
-47464368908
12568561336
91596846101
-6160587911
32522735946
41562962027
87674147413
-42493764897
2353090096
97744926442
-10753331329
8308970245
57472942428
-2914092901
2201425572
-13928735083
21551891159
56023379334
-7748770695
84574433638
-25474790319
-5483235809
-27236961597
19588747058
46015439612
-7331360421
53016816571
-9606849279
5322109291
94426490488
3045195835
23416944314
62878137738
57596002482
-8588706802
-22953740026
81991239360
55258735436
17308368981
-36843742
1761765597
-9030190940
-14191133262
6906585633
10185848270
-307314988
-22774815656
20519082248
88978087266
-34055985094
-14093447489
94552642641
30378951602
27717697905
109819756307
41310831758
83317353181
-3652652626
-9451703601
-1278606943
-3639315451
-8608244935
51527662252
-35592113762
83265598784
69194810812
6840403177
2680979426
-17672958922
1004737203
79782707376
96577521332
43270928222
-302030070
-15823710600
39226645790
38165243130
8880500525
-32406475371
6368679575
93901750269
31986679306
78218721521
36379512982
-9414777077
-16271026918
64050246130
68753295146
35428837240
-11047849243
295433674
24304304058
38903454456
57787225068
22340497711
2791990381
-11042579460
-6101845242
-8993037840
-46228828163
83516142215
-2347651172
-6870281171
50434860461
-21423659831
93386773708
-13092220468
86546186536
6252802059
-14981923923
61034884593
46895213813
-11458931857
-26868273198
-1512857600
5288574763
78584654755
-13719793846
5885619437
31288471985
78178850230
-5362239387
-21377670009
33254527577
-50285012172
86807214027
-193170373
-13841034453
95459565372
117496109014
4907160960
782572610
88021840926
115847346623
78298130262
-16380522226
-4040994901
-3020644775
16757171665
67559378820
19345036160
60784991517
52556894403
46809216102
-42923022302
-17741065602
-3074254591
-21465581121
-29512184003
-4136840571
52637100041
-1142683325
5242565265
-20953000240
-1230939625
21108816607
61647643407
16801471923
94214380470
-13591629654
-58546246187
39135482786
-18430008424
-26333063000
59613916085
56868756583
19756147485
11200824112
32913383173
-1344079339
30239594573
54891128682
70860374927
26714742111
-5704017675
72968771297
-34846583825
94642112394
7731504661
3980799125
6567367433
18252276518
65464620848
89297218
393039113
91128435599
-10063270160
50004185759
50623288805
17755186843
5746841934
-6945724591
54696369500
-403061876
11326900550
69144261198
2216503857
75032556000
-12117523778
13965075593
-2096175665
62861062429
-23471657355
88254489689
52500567055
71397660061
2115335102
78242518025
1381770505
48453271808
-13295861216
29079281039
19718285628
-9498362949
41133677966
78040424646
46601914301
1486971890
24404133915
-23919024884
69710604837
69780646611
36330918477
115987190331
-19830165041
33596659136
-45187194540
2606202223
-1088313971
-7470945807
12912778005
-23652092374
-8530644317
-14152619710
69117926155
15071155587
56714948915
-13905577988
7967016021
22087492953
-22124770172
-1508678933
-24934264281
43169829383
-32979017197
41837038519
-21030080862
77801944168
-24002780679
67964514552
30364470058
-27150435159
-127742992
52789468815
-16079697717
37633999196
103515521987
-7888482909
52260564473
10187845309
16011233321
-35378553507
-11480906932
-18566000303
-20604389150
50601707113
38869468174
45478720998
-5414698702
33702117695
17890703436
-10416296119
9942559265
-757568859
-21745638039
39270084450
-18876263726
48153306495
70801904659
-36930467093
12680061225
42558304151
61211177450
101114585484
80985922248
-33234937723
65533766062
57000067668
58850165925
61179021320
-39528114313
-1967810652
34811668326
4472270801
-21191708003
16576672700
27927327075
3789487935
9637986482
76647278562
74803838864
11900947356
13927253718
-680732853
23984402862
38757641906
3553875829
65309718264
-7785351780
-20405586910
51745483206
-18455681968
-2940715334
-23383496030
56753342017
16051005998
-9916437501
57765966119
93013766895
-16822954887
33892036893
-22796442867
-30837195871
40857400050
10244971626
42664399961
-11356450920
33316824812
-21208093272
-11755303234
5596622559
-29933218560
-9105693160
94023577187
-6739231021
-21914911417
-27775383388
74350163230
51173119
-20127454666
5193987718
26565121405
-33670730900
-10555733189
-33996020985
-26058628508
29532242065
2112589627
43367031467
1547643065
-8173773705
6619590696
52785848744
-26724954769
-26783209806
9945204447
-2358475781
-4084648617
12875221682
75434568667
62905906246
51975345524
48690026810
43306903977
14117539822
-22561740719
-22828081995
63130126821
5398040957
-24781244550
-27721424975
96338537560
22284286426
-14574249447
28000113257
-5514061845
-21613520720
52007005850
9289300460
-615023032
-15973590433
-10720207788
24338265184
-11760186870
50366801124
6167859407
65216073737
4729332048
60208325542
77172934564
11344097183
-1878404101
-18265368728
-2137967892
23595078774
13929161675
87694302463
20343035919
-15454981496
10189389576
7389751346
8491477573
42177546477
-11855583419
-3752518654
-15577179035
34340427278
96634213066
57856444941
71097585264
6404799691
-23713885283
74886792609
62308468641
-32996573801
38109542819
101134129465
-15434895148
70137011818
10060977670
72971787951
81407031110
85005774168
-26936773470
-35149333316
-11005085388
30928475690
13305529119
58678582435
-8405748394
-7359487372
206344905
33700372045
24281187481
-4083308134
31878734462
71177065977
47962928185
-5502780681
69866137266
56144540250
80549002726
519329721
55222176467
2162904645
38335363743
-11032543056
5742791242
20247035525
60135713240
30861634466
-10855857420
66238985320
-21265828562
112228609559
92266841327
-2506066692
79777692320
-1068156076
93997420778
38795630573
3888830262
-2621693291
12791400701
-16877051463
23635719313
-29587572291
9518320709
95174874543
64262996367
-25553713658
47442801510
44118762912
28798256147
-24169057135
-28021786900
-23664809676
4535722858
-18189005998
-47244577112
-15401135300
64070136565
60245109905
113541405833
37749785877
59012485939
3028734049
14240665617
15681556581
-6266379206
37813560990
84223868161
1239457006
82441064553
75849989584
-196004409
91110779569
106291658248
-10372410621
17148100431
-18885499649
-10060430029
80585923529
4367580917
1486232801
26999671087
-29895938545
-24514627764
52711695033
-2981944013
9662125535
22607674610
-8820033607
62103205823
72716279566
-24847602216
-22095710151
35151081114
36099194848
44173072816
4249727144
19581447942
1015079316
47568372567
21145988510
-12902538258
18401349587
8387300786
66642069318
91057350504
-13346172828
65388561831
-44034939603
20555438840
42043937924
70366522427
32371834442
69877921083
31585162097
20437397103
-1888224964
64129946039
-697103038
67013512372
73755018774
36647798234
-48021674984
640408317
93034718729
16799048175
49618339545
-3384159667
-16940102692
-17001948146
-22525145980
8500454946
37895949245
48602572288
-9371995125
75288761574
98027549482
30442269274
20898742832
49140788217
53427269246
-12602409166
38364028426
39504532590
72768584222
42744464458
-293787969
-36488606454
45827754884
58268325145
-48235323962
67070968308
-21264545888
55957654018
-1721539142
-8627120632
8821033639
-4516210740
-15505467321
66633855566
65041011179
-3645751537
58018610359
-6729682284
5066938087
30595067000
5847186161
41174440480
767597984
90295186312
20445504298
-44163893480
13570761876
44623526262
89587140622
-8312351275
74890931107
31721791557
2283240130
-12136655812
-22155312256
59187022295
-23067847683
63658669211
-24606177068
22307570187
12348645610
-18819929452
-15352688148
-2880031276
84938171351
39604174754
94578102366
31052991471
93921503265
5455957529
-3116962986
2681688559
-25696785976
-24155696891
-63412162968
82713093298
-22820030725
6318704698
90231042315
92575063965
69425405058
-28817453360
51974600806
74581181859
97671310588
4521627421
-1011876881
3620089848
-1050316540
-47557029747
-27273980395
5718383287
-26871264935
118082710858
29148821036
465865681
88265944603
56927853141
3525124288
41274829992
86721167517
-11562060165
98807690474
230897682
44637179347
36835610795
-19145024160
-40152324716
95065362841
-14645583788
52371501842
59516042167
9333044651
45955690782
79288947376
4307876057
-7636845896
96533899398
37976146315
816727292
71570638353
18252286752
5221481709
54542179627
804470216
-6647518230
28017720890
9223290099
-18388524282
-31018590791
20948312823
-28775045908
24979849051
11075207219
-18622199862
113999736287
-9867696273
25172512521
85581668028
-3185094331
-24466055271
90307549479
7023846411
-27404129530
117564071390
18856689597
48972143237
85055216428
6252138606
52997612689
849982295
31300167637
-24192510677
39760348044
-310622567
-15608785357
-9318813208
-32254183604
76849917362
1589563785
55406090388
72431692825
-5299133337
-11477858570
42613318775
80170238556
-46571408301
55946095821
6308571496
72411005773
-36953564752
26768784703
35447895194
40286832811
40843454920
-7094790035
-17050842295
-48367095976
115556802161
46195406728
17939887770
-10186508808
-6030276879
-11791473918
1959623645
53383826412
18570915099
10877850675
54204392988
66934262245
26260469019
51929396173
37043720679
3754236522
-27811211571
-29516122391
-451866480
28047259336
-17786102115
94040444453
-17383084627
-35827898447
7760668300
-12997419891
-12432107886
38332258130
62224805857
72602237993
-1913905356
51960154505
1457587304
3147704055
-673707738
25982070107
57074383344
-6823432232
1015865436
-5493605229
56873570497
6146062589
58376459384
75064460284
-12940869009
27659819752
14752579702
76136727012
68931104125
29345764518
32546483206
14618602696
75510826865
35233080389
3979461436
8459608365
-2721958207
2991398752
58243566840
83454064143
-43422694187
86482180077
21871628212
-10991546556
-1338260995
46209300727
50303570903
72414572371
85088457378
68777825105
71895582643
41372489344
-58625795123
959790872
98052464074
-1358058026
40511219501
36559791660
19432622270
-5591342419
38433575339
-13045246485
30922301751
-11138167997
-14005935021
63470772804
-26789723371
-17694714350
-20234548408
-19554125640
42159812182
56052162268
23771558334
26416677907
-21383196861
-22014094589
73539779396
53560865311
47303680036
32377723980
48938193863
-1262599434
37067092670
6283472462
-31894274550
-1755785541
-5083841557
-16936395697
-4094752127
4599283113
23408586526
-23445298736
-2480737826
18654602098
-11268025947
12717311382
25492934566
71505326855
-28826531548
-19769294752
73304601357
36102442131
93846168036
83559391390
63568855697
-45443174465
62623026674
40149920676
31607483488
66257288412
-28958189085
123088656
-6159638214
-12313988806
74171570441
93703349188
52581096668
19405161738
-23428031867
21947559947
21189667696
-43227307852
53750824267
28105712905
-550227842
75832761997
25256050467
-2020177961
5839553806
-30174242616
66694929357
95149009251
16296535801
72349487120
-10057846053
8443710279
34038117113
110879804894
2889843686
29471391857
31052763723
-12135290446
99991900401
82700781414
5984964892
64647441542
46146312853
-19937439166
59145911226
25375940256
46072757345
84737930083
29655798248
26096123765
-941854022
-22600020896
11956668407
-43493095407
-24899334531
61840466535
-47399612097
36810811602
79059669738
18588794492
37141690186
58792228880
53486820955
-21166285981
-6577720587
44776773803
29223849145
67631599559
29575889908
47205007555
34988174871
35157539139
4828792215
68488889336
21419488853
66036924768
-20000130412
46867139488
40219602564
-31435970672
59377971417
57272706970
-39393711158
84867504973
-10120720855
31906944517
73329102391
-9054420911
1488818506
-20232127275
83033806741
8189734002
32679917649
-21921449756
51005469089
48828676316
-11992097746
18956116845
-21899373963
3159772952
34557762691
-24610688500
54847194416
56462007320
34331017763
-785803320
37771373778
82939599389
-15722963597
17022217050
42509500832
-17244432814
-4734406911
-16979246594
84866588877
-18616117334
54331881557
-12375759240
-5937838362
15496357882
-37646709571
-1964719833
-3736734558
31505514952
60850594372
-12309839119
10469479459
70603550595
-10865881496
8474884588
9389641264
33275363465
23570242148
65718203814
58457721856
49453157744
-47807285230
50484244969
42410166179
-12533079540
15763404654
6496651469
85945998594
19785700865
-32738637860
27067007200
60656148060
22634291688
12084358470
89666730055
40293573396
5911146647
75619479783
27559802027
-9199201948
19720380164
35806149165
-14503731196
-3261904931
-39898132408
28941544651
8054483438
57603098890
19886913638
85992847304
70091370134
-25722244104
-4378576375
226601023
84035404375
13448880285
93522054014
14246552964
40783449691
-21932147525
753464978
13891785857
50345852630
-28977068490
20929888719
147092661
7642865225
6685725023
2953457137
7520904401
-26852537368
114390314476
-4425460587
-7931433568
5739971645
-8706346092
81276358672
-8740335551
5208511395
13334729109
-28242417906
24217371152
-14302901755
9238194497
3064682915
29303914415
35748969291
9392856867
30835288960
-4572036602
15709540321
18330678482
7151790528
52318679770
-26522457285
54698160702
64923754780
3334903153
19955146624
78000499274
54196156223
4639982254
-4366937614
57848898897
4467815516
72519582473
-3754708275
38106738345
5924798418
28016328607
-56372476405
63276703310
94261369885
84187122638
11220729774
42286487854
-36038374070
36994227725
-19096620428
-8174481044
66556983549
-4205199924
3949161196
-6939731947
-30867884765
-39248309284
57709374986
91316294907
47508685034
-25971519708
47358540083
-37435992290
6867381838
39662797396
38247663280
17671377967
-16888159211
-24164456323
-22664139723
30822960565
-14438181965
50266230081
27500576904
-12067815139
20761654566
22295179144
-1058723358
-9703438055
-31127559318
34193101449
36733098097
6529546353
-19329976131
-22083425337
22468491329
-19651055246
39945598964
82852298916
-1953122589
9508878607
2406819686
45747634580
55797658513
-23242521064
46628180140
-1337199381
89934674879
81323427189
65973611656
54443072225
5798679652
-7266958701
75526994208
45045616157
85977798309
83706451337
11345915326
-50254593902
76141261243
-9136149097
-26790145400
37423928679
-22370307230
-4414742828
-17939071434
-15483231624
-25243291698
22673156118
32133803314
83769278838
-26244160959
54767534468
19946706676
18787141088
46811506257
71400131416
55693271287
-10787400726
38840444741
-13896170620
38523348940
-9798422300
8819449483
35250911088
-3091205905
104715283957
-5840503290
79659521034
-30462339246
16199180354
62641998541
1849080262
18456202166
15539254661
93505767860
-24555992230
73022418323
46307000037
16008964821
5240790806
33290526215
42992684518
-20773804733
-16971906934
-9383207216
62308274945
317478310
99348970142
37502230707
94757982087
-1132836954
-12608452879
-18225868362
94126892615
-29831791587
40989407601
35679763558
52516154240
59392371046
-9308338026
31767813376
75940137613
-23216000153
-1427296707
71213192670
54158493171
5853690246
-17994912627
-4120963399
45135453062
35234645493
55676563691
87644030829
-2917585638
92818354089
-25348064173
97009588880
-10835473731
55458242442
37493127737
75217899371
-34800637411
-3337099141
-5470169542
74031355807
103751088468
26124619676
47125985009
34825093107
12769907228
31595987173
13810782264
5744372249
28833498038
24105422416
71558981728
-343982174
63232895696
50005334366
-6047553561
-23379965346
-30771759827
32852886067
64951563673
-21327116730
31620098988
-21444795439
-91914817
22158019870
15606105487
92936911127
46656743793
3819362739
-5318507650
13645146212
46931009127
-28802160266
-31360108234
-21385517381
36835872816
30557482108
70745217875
-30386643871
-47000576306
74638815400
17574737906
-27235140049
-5217256966
81642016255
91053960990
-3794623171
32869751976
15594482278
-12107665451
-3951778403
-2033530583
-1426709202
18105941000
63589954488
5411575818
8977459306
103913992342
12015403529
7075270731
60617445644
-20239102135
38486275187
344753658
90253152234
30031038724
-4710324968
3123536393
-24646182730
3570465802
-10902094648
-27976724499
-29410668961
76167054565
72220650428
-5939592400
18081022860
-5551542410
-10472325780
1280043710
31671325049
-27221259061
-1206185013
32332560278
27087706296
-11519125365
-13614720915
-16576765358
93379089842
22562050530
-9465132375
35838625589
38956562402
46720328162
697534142
9246988949
-17763210714
2975561753
-35563900532
53989052816
90018897512
-36724341328
-6274475745
-39730497660
53577304389
-15986843118
-11004333947
85848105551
74888065413
-2317658177
29693707835
74982952880
-1040172718
29585596901
18379749550
-27025099879
10893166221
94840967519
124814552508
104921988653
58159030317
41190891168
95484679852
20890058253
19544048066
-4167357891
-17077007454
65201274669
31649600914
77045740988
-2846726551
6254733307
-6300625537
-17244910045
-15772861227
44647197684
61909661575
50239856210
73021767461
-15065464893
-11188243390
-1656428376
-1545094634
-4737056015
60372895807
15391646812
57164337017
-22457646851
-20831005761
18003353628
94812894696
-10245465672
33921655058
71845750460
17422114669
120819329342
2389761403
43262453342
-4627723147
105836647352
-23908657396
32785372547
-8411291753
-3639288506
30959516788
87346545215
822935908
2621406606
17010673459
11771008673
75860997641
31428180627
638287869
29890813337
25787312479
486497383
13784687381
4414863192
45594341480
-7956320430
21907035190
-32876599580
-11760988489
52680637699
19663332090
-13913333646
42016355986
77835977757
-20839127432
79125164062
113158260964
-49260115906
40091396293
47667372935
34994200031
44105673143
-7670365288
-24762760381
-13632636851
-58178881526
33436937147
75515116505
-15300951364
84008522490
-46683124834
98730046974
88115915026
37465402922
76051894693
4893806910
-38492785142
-16318430340
-2295593423
20287247139
56626923958
-4071235952
48087671000
-24308173148
-3120371209
29275922530
13019600642
65586680423
94957596668
-41928006981
-5405701897
43276034773
39319412345
-35099754722
31382341786
20498540066
11710268733
-21277332104
7056625273
-9055446400
41881010791
-5681801013
16057695394
-38366791389
66177791868
19868543092
-14304920983
14149848254
36903641423
9247581303
31932436928
40000562670
13020581551
-9259339119
82835685226
-8901961187
60134502589
607570328
-31404945853
37977379973
84578612740
-21044127016
61443022174
37117459114
114364646818
51335635010
90294030933
-59581697689
1702237011
-16128083850
80257228812
63034738216
-9829133630
-50448467473
-7318383430
46889497690
-40003775144
18927833642
-24130268920
29026430322
23939529120
29360680352
83726848289
-82015232
85415468569
-24261451245
19706469724
11838679237
34658777953
81652053344
-20204031128
95652927056
58316375169
-19641135515
21079758397
198677229
83254762426
32281944994
26971290312
15865893984
96692625627
-3897167726
89862343723
-10899218747
41769325291
37853866394
-1054498244
15982644556
47397819149
36417771618
29292279167
28508237832
-19384817918
-22155647626
21244940711
-37470702773
70326817546
-21567112632
3692099934
71448886416
28386417012
55304123658
107286187812
26888046744
-26150577200
28767599513
-38417736512
93290090513
-20641317155
960238765
-30373167742
-17861874634
-33670464826
-17629360053
9534713599
61565285201
54213425051
19128286816
-27420337670
3623019168
-8163632412
47891629650
73138914371
-7489255124
4356571357
24653145728
-29539264867
60656681646
86594928068
29588678024
-796721038
-21511556148
51376395853
49411992610
-16325323296
5645198590
2978677524
35728495287
-21260889456
2113966301
9269933105
-14659156681
-11121633623
-5887925589
36613249710
71929028594
-2503114306
9078819769
84403517903
-51528623129
6182256350
57851960478
540373186
87964006545
83440960225
-12525673821
797809302
36308262194
-14845487452
60427339296
326241430
-10216097795
37921578604
-12401574382
13156655587
-31004454455
55660631990
18758973528
-30132206329
-20229250600
-2333524168
-3202781934
94646075923
2649651487
66519721771
19067186032
-25119195330
61542999047
-7247312172
84755341270
39880212019
11660071438
32990569134
-560429445
-567850897
89899252963
-22897411541
1801807207
61315651203
13159042847
-1931258722
44647758046
31654163486
49122349134
74825789540
-11056151905
7902403998
21323310251
-12790085017
-9664883220
52647565381
23201412242
42766768626
19449081673
-10517260165
-14728269544
53801824197
23151256790
21543890577
-37377199828
28949263121
36240823999
16537242292
-17233492467
10002543382
16352653166
-6694001618
-26060961153
6083757496
49213247021
-25505340102
95415868837
5913167088
-2092288143
-41255601955
-15084198274
51824239440
27631704013
-12607697684
17269196375
-11619052447
5817634143
855783861
-1104766319
9964860206
59626287295
47845654135
34454727742
-5754005294
4121742676
47628486131
32540750763
-34286655122
57178050151
29675411040
8618466556
23451269663
74208908450
14042434056
73787797802
78183795027
57908462343
-21120121364
7943367471
53081238791
-10126072431
67269269248
22858468703
40029668585
2116967334
88038086893
36010705466
-26762258985
-9609896049
21610077573
-1130143435
21662895769
85357790083
85522599140
534665855
-12146155580
4352211998
24223136747
-13693835996
2355414241
69129884847
88026673545
-10407815785
-4817001535
1243855413
-3757302248
46036142949
82088962058
-7437865624
72892406201
1971467546
-484291827
35087032487
18434253679
-5034993022
-14709007618
16748190419
-8109417652
-7456831974
-22763219103
-4287367676
-1119208197
81084668428
69430212430
20796715794
61275456663
25792474366
-23534242326
-18422776133
47799237715
-17980040298
1214337927
32917137224
963251020
-6441525261
77029193544
62904929860
51105191924
18488442935
4514476246
-2330859222
-6071280953
24788542409
24291616985
3037150810
-463832194
84538819656
-158675882
-786248183
36508862085
17331238103
56099468209
-11126666432
37843274494
-31837062699
8042520948
26885669157
-52026524114
106780855625
-27549839520
-28686971017
-1108687346
56865495909
26371531748
-33962932415
108267949211
22869351854
22925929949
31252430234
-7332512282
-3686438736
20644172619
85845848006
-13642851661
-2594767378
-8025986280
-9892897825
69919235085
20523649612
-37584708376
-19419754278
71374971002
-10895103655
-28537729177
51737406517
61204240261
-23656661124
51669375461
42842651339
107433934830
5215473041
45623359838
-29107678389
67413029033
88683809517
31473691346
7570166764
19955639289
-8774565544
3626626334
112206888
-32542762590
17554698907
68376085075
83315108362
-13967726229
-27975886727
-17030240021
-955691914
37200372893
82428325660
41900895526
35840039766
-13355749584
88522568573
20558475427
1441844126
85799431832
24293109025
-21513255244
23422481636
-12061632133
3609488010
109441923289
83747944780
2998327689
-23224027954
73578675979
-9875024161
12310819058
82423393741
65412999768
84871043109
6716274240
42859579021
56561591223
603001693
-36417807240
37783651152
50743379562
-35225809728
21346264324
2125051777
-7084694868
-3240705027
-2928336990
-13815903145
80764863841
74257965631
37697405878
-7548100149
-19610495405
-11190955017
50272530461
-36572572026
60265449056
46059913841
-39222777847
73241168462
81401883065
37228323338
-17632139810
39767055580
59479194910
49993449755
4928104848
64537498449
36902021631
16184111303
39935242438
-41866350715
61276670007
48037846998
-6635492457
3409250423
87526261062
1052614327
73699610408
92957856285
35863959450
12446419764
-14401100575
53176445518
-22998036475
-13095838396
90539074043
14223188261
-9839084321
87866996485
69633589363
-27975804870
65321160492
18071086542
73192790657
25822899373
64771164351
4641717683
5510821791
-21694834478
-1416425093
69273208939
-367943117
-30480691459
27632404179
70535261941
66376757508
-36532327822
4679941973
-8943596689
97173022887
18310609094
53762867580
29675579363
8681468403
1899142715
62883341484
46610249736
-61989672
47334204205
2114860275
49722745516
33327618677
65039835610
1376336577
11842513887
3409751032
-10382786114
53908334767
146588893
16134466528
7902346042
23484328642
3980064224
54472707431
-29680365397
82139824748
47359314314
-13170887608
11385834165
86876013598
38801566953
63681891018
71334540430
-4966967479
13795449754
37165340503
3947012209
-4595439748
-6251993542
100129994583
102750035631
55982922968
5831727944
31729396222
-7337504386
3428630561
1685132501
19003599916
8564505346
71531030138
-7162696932
16576959001
55566611501
7416126090
48609692404
92483288149
-15008707259
110983774136
57531098521
67494571794
-28204650111
-916012741
34203561316
-29265888632
-4309554583
34835607641
33835359395
2226814145
61738799223
14511284233
12348868738
-7985845688
-1548118369
59618648889
98253751455
-12604827914
119935158626
-2289625484
29044530192
-7866334075
12427376877
3779132345
29244452080
1583108602
-8578942357
-19557285714
8391372546
-40034005744
-38509873110
24143668518
-10941055997
20800994877
55953087497
36183778970
73381234240
-21127688206
80896834469
64576490683
8591524095
-5317373828
-20900485406
87010750335
30536721303
34435997519
84811255938
66939689609
61640404083
87923597586
-24767829567
40148389209
8396233905
25412168574
77082065807
34532204813
44822545793
17417765194
49875519410
74408514212
27151647723
24340932609
40721275944
-34657479322
-34552998009
-24904096901
70000077074
-20283375706
49796558874
-8591759249
60056723964
12120147557
-27428905721
-35150645137
104163209240
43592876728
18904094074
-1592218718
31545179708
7441995724
9931678572
93804457088
62739067256
8217801782
-11002420693
4260957756
38893863077
-35651669017
6098696104
66973202714
63241508289
-11985181053
-7252074771
59771434693
-10779588768
40754570247
-12115117057
-1209765989
-99308112
54005745362
2315256503
43437492140
40689531166
92139723420
28243342646
47488549325
17126700014
3985827994
55433623927
-28899531213
-26675772525
-12175566640
-2305723941
-22929604352
59294652364
-27674886105
29257702687
43398173238
121943180507
80382980552
73252582445
-2423455041
-6883308682
-61138389979
404501381
-3951060799
-2239780748
-7655665581
3767593127
70739573787
-551069602
22893403207
106352119324
48722138681
20433132810
18532583131
-50157610918
25927753361
85181428003
19326985976
90765282106
-9977441991
13477297987
-18899189234
12919801568
88555060353
-513808125
5421229813
-12025484857
20466712003
62510319976
-56284508674
-14945332141
6199176655
-10305086526
-273853891
16050141339
51922383702
-6932884617
86928621035
92075764976
72791060228
14869184870
59640427421
90579146481
93957306217
9591432709
64020459775
34073685770
21202216725
522940928
41556247152
30054731577
108266282567
83574781576
28183487862
83024001069
4407758458
-3983206282
-12193158225
21937503800
-19469704836
62686104242
45513290546
-27541087717
1918734037
-9932469885
15619683950
6221151286
-20695113663
29130551189
58489617518
35447601456
-15485636845
135869715
-16599862307
4876039823
-9196341491
1422507704
-15794143730
1225478276
-1638827483
57953301904
-113850788
31143648955
-3052369689
31222355490
-5975877537
-3300086808
-37988538500
113985393916
18029721598
21181917114
22499004074
92287656157
55424240093
42295774400
22405931417
-61155007238
31804282560
-1185481759
29621994871
12633185045
50977341093
-20289295761
90679429949
720768808
-7989619249
-9092864209
86239911168
-12961147624
-416377653
13025164960
-6133118986
-17860505511
-21525693269
61314802088
-222732723
21289548953
-18986309896
-2573538616
-29849101923
-3124932374
58771328417
-48391689492
57405224435
38470537617
55717691595
77195166669
14899638348
13107502892
83862027519
44838596682
-13815066434
-5015883222
68990834293
33933412438
856952353
35390894299
-428443949
8706142873
-11412933739
-3015487820
-14769391508
-10871146209
49895532166
83005747555
-23142716396
-18384594763
12260257702
-14797638368
33250433718
23475757789
65072216652
-16653423706
50625494988
97594720985
32092771202
-734061700
49958421455
37308057835
85346812563
12696140734
36005060979
36017159355
-33264265687
-8092052414
34624276055
54481788593
-52527150271
43870079923
-39934620703
21915409753
6159639025
19471581561
-13483589961
-24821055328
13110834912
65586817947
56580528137
48202174151
69713040677
56063656496
49005252590
88979503643
113818185096
34929460373
83656120371
17445587021
31870362085
328097035
-2823663757
11542021664
43166179191
-20589646981
-7352653830
1314021556
6295066803
45251879500
-6197475026
44076922568
73967790976
70913946578
-25938935062
20063422460
31076641172
-8542386044
11181714248
50810691172
-21830590643
12659754279
-49096956659
-14729923695
-19575710361
70335475291
56592864459
96041098479
25622253634
35414886322
31270114922
-3465354286
121366546348
-15165039572
45105984396
-8628887251
62680465960
39111403847
53862021494
5799754030
56215952075
275848968
14949809123
91011241402
2054019448
-11282698714
15213468212
92500601103
36078317068
41261264238
10093718
-22777940262
-3109120286
96091258862
-20689468812
21344754092
32827099366
77386390879
-7457189879
-21895529414
-1483463579
-6244444504
-4100558584
-36353609797
-1421982298
97026204363
-10929469404
2720190908
-15971125900
12731710045
68053897776
-3831930176
21131812989
51357602284
46224813184
-3312265549
1493595459
74097117083
59721118572
79904982063
74918685596
76295853437
17958919380
72346669404
-22978855270
3367365271
-13420086662
121449959030
-52673312288
44319384533
-24815106062
8579576675
-12920999468
63452903723
90140414107
78699934671
4042322928
51219610307
50618825667
50521658569
20625769553
78819095997
93477848307
-33980354835
-13749147844
7333218813
778565997
891110491
76737893921
25088886729
-8910732487
67535303710
66078188433
47627873873
-18056785386
7567239309
-25510483759
68104880764
81687506682
-20027169111
-13091700086
51389973317
-9521402544
77689654080
94743317838
768134082
73000266551
31727345833
-28844189068
45616104957
89818349667
56466497749
36357926482
84775656924
-9719090219
-52178138344
-21222683416
116052750547
2040694448
56553974072
5359979463
31451794215
50891269115
15032478544
40541872598
40968690126
45367558159
50587473986
-721201067
-11284560966
-37479432524
90904691755
20543764121
12924393869
12455579857
-1829284244
8301622648
-37194634705
53398718103
100810317339
86434766027
11350426911
36267506180
-5366256339
108012322595
75294448223
51434196554
-21517161931
-6965153973
-3749748943
-2825052298
17388733351
1682679229
57872556589
-10549427970
38462455002
42977765001
20298344756
74512253771
-25132475066
18533247269
65913656482
98916304471
-47082586171
76716904443
61251763965
72745528643
84961208614
465151100
92888969196
42947766678
-20993049984
58388068299
10381137790
18511864375
30478394148
-4750537887
72390704483
23330673607
75128885018
-25822916926
-7913566498
-17316610492
-7609985385
-21865675136
34094783134
37610525607
44099285160
6095166115
74233224736
55645161365
-28962140423
14148347470
29684078415
53993487253
98683409757
38024271492
5865356105
-5058291148
38732881290
30072967373
-9695042050
56546585
74026498574
-21034822976
48904777849
-39421514562
58027930485
-43412493200
-26499753615
12339823528
-3290306680
-6912517239
35934549632
39362878178
-14345863879
-1095913522
-5426001254
226719900
-24107391199
-7647129110
43012544161
-12450619333
98027049222
42005567219
66528874355
15247896556
18188683781
274289328
-1516597284
98274686308
-27532674848
84668362495
-28811566542
-1530036488
-11041819082
30614381552
15502765918
14262569815
57310371678
112674742286
96632129687
714789435
-32632860327
43628598178
-6103524970
28508611384
-22280958700
22508269829
-31369344360
-6378219962
-25679573196
43848245351
-27469947955
-27583087099
-1820352165
-36330994781
65646806775
107592968015
52369613557
-676094230
-7043714635
-480228241
18444402646
-4196028926
-43824130384
-23475546073
42854549581
82369848197
58437678333
34127075341
-3297793338
-2006711652
49265978144
-8983867033
65600971182
23644134896
-11479412036
4136257339
-32885214103
-3187126566
72279185115
36571145243
77027782220
7482573634
7056013300
57069491372
63734462765
-19315718586
-39457711606
